<?xml version="1.0" encoding="UTF-8"?><testsuite name="Safari_53434_Linux.unit.binding.DefaultBindingManager" errors="0" failures="0" tests="3" time="0.002">
<testcase classname="Safari_53434_Linux.unit.binding.DefaultBindingManager" name="testShouldCreateWireIfFactoriesProvided" time="0.0"/>
<testcase classname="Safari_53434_Linux.unit.binding.DefaultBindingManager" name="testNoHandlerFactoryShouldThrowError" time="0.001"/>
<testcase classname="Safari_53434_Linux.unit.binding.DefaultBindingManager" name="testNoBindableFactoryShouldThrowError" time="0.001"/>
</testsuite>
