<?xml version="1.0" encoding="UTF-8"?><testsuite name="Safari_53434_Linux.system.Ioc" errors="0" failures="0" tests="6" time="0.002">
<testcase classname="Safari_53434_Linux.system.Ioc" name="testRegister_NoDependencies_CanResolve" time="0.001"/>
<testcase classname="Safari_53434_Linux.system.Ioc" name="testRegister_WithDependencies_CanResolve" time="0.0"/>
<testcase classname="Safari_53434_Linux.system.Ioc" name="testRegister_WithPreRegisteredDependencies_CanResolve" time="0.0"/>
<testcase classname="Safari_53434_Linux.system.Ioc" name="testRegister_WithDependencies_ShouldPassDependenciesToCallback" time="0.001"/>
<testcase classname="Safari_53434_Linux.system.Ioc" name="testResolve_NoServiceRegistered__ShouldReturnNull" time="0.0"/>
<testcase classname="Safari_53434_Linux.system.Ioc" name="test_CallbackRegisteredBeforeDependencies_ShouldCallCallback" time="0.0"/>
</testsuite>
