<?xml version="1.0" encoding="UTF-8"?><testsuite name="Safari_53434_Linux.system.CustomCallback" errors="0" failures="0" tests="1" time="0.012">
<testcase classname="Safari_53434_Linux.system.CustomCallback" name="testBindableValueShouldCallCustomCallback" time="0.012"/>
</testsuite>
