<?xml version="1.0" encoding="UTF-8"?><testsuite name="Safari_53434_Linux.unit.jquery.JQueryMarkupResolverTests" errors="0" failures="0" tests="5" time="0.003">
<testcase classname="Safari_53434_Linux.unit.jquery.JQueryMarkupResolverTests" name="testResolve_JQuerySelector_ShouldReturnInnerHtml" time="0.001"/>
<testcase classname="Safari_53434_Linux.unit.jquery.JQueryMarkupResolverTests" name="testResolve_JQueryObject_ShouldReturnInnerHtml" time="0.0"/>
<testcase classname="Safari_53434_Linux.unit.jquery.JQueryMarkupResolverTests" name="testResolve_PlainMarkup_ShouldReturnInnerHtml" time="0.001"/>
<testcase classname="Safari_53434_Linux.unit.jquery.JQueryMarkupResolverTests" name="testResolve_OrphanJQueryObject_ShouldReturnInnerHtml" time="0.0"/>
<testcase classname="Safari_53434_Linux.unit.jquery.JQueryMarkupResolverTests" name="testResolve_OrphanConstructedJQueryObject_ShouldReturnInnerHtml" time="0.001"/>
</testsuite>
